<?xml version="1.0" encoding="UTF-8"?>
<testng-results ignored="0" total="1" passed="0" failed="1" skipped="0">
  <reporter-output>
    <line>
      <![CDATA[.....DataBase connection established---]]>
    </line>
    <line>
      <![CDATA[Browser got Launched]]>
    </line>
    <line>
      <![CDATA[Logged in Succesfully]]>
    </line>
    <line>
      <![CDATA[Logged out successfully]]>
    </line>
    <line>
      <![CDATA[Browser got Closed]]>
    </line>
    <line>
      <![CDATA[Database connection Disconnected]]>
    </line>
  </reporter-output>
  <suite started-at="2025-04-03T10:25:34 IST" name="Default suite" finished-at="2025-04-03T10:26:23 IST" duration-ms="48874">
    <groups>
      <group name="smoke">
        <method signature="ToCreateContactTest.toCreateContact_01()[pri:0, instance:ContactTests.ToCreateContactTest@27462a88]" name="toCreateContact_01" class="ContactTests.ToCreateContactTest"/>
      </group> <!-- smoke -->
    </groups>
    <test started-at="2025-04-03T10:25:34 IST" name="Default test" finished-at="2025-04-03T10:26:23 IST" duration-ms="48874">
      <class name="ContactTests.ToCreateContactTest">
        <test-method is-config="true" signature="beforeSuiteConfiguration()[pri:0, instance:ContactTests.ToCreateContactTest@27462a88]" started-at="2025-04-03T10:25:34 IST" name="beforeSuiteConfiguration" finished-at="2025-04-03T10:25:34 IST" duration-ms="11" status="PASS">
          <reporter-output>
            <line>
              <![CDATA[.....DataBase connection established---]]>
            </line>
          </reporter-output>
        </test-method> <!-- beforeSuiteConfiguration -->
        <test-method is-config="true" signature="beforeClassConfiguration()[pri:0, instance:ContactTests.ToCreateContactTest@27462a88]" started-at="2025-04-03T10:25:34 IST" name="beforeClassConfiguration" finished-at="2025-04-03T10:25:41 IST" duration-ms="6258" status="PASS">
          <reporter-output>
            <line>
              <![CDATA[Browser got Launched]]>
            </line>
          </reporter-output>
        </test-method> <!-- beforeClassConfiguration -->
        <test-method is-config="true" signature="beforeMethodConfiguration()[pri:0, instance:ContactTests.ToCreateContactTest@27462a88]" started-at="2025-04-03T10:25:41 IST" name="beforeMethodConfiguration" finished-at="2025-04-03T10:25:44 IST" duration-ms="3650" status="PASS">
          <reporter-output>
            <line>
              <![CDATA[Logged in Succesfully]]>
            </line>
          </reporter-output>
        </test-method> <!-- beforeMethodConfiguration -->
        <test-method signature="toCreateContact_01()[pri:0, instance:ContactTests.ToCreateContactTest@27462a88]" started-at="2025-04-03T10:25:44 IST" name="toCreateContact_01" finished-at="2025-04-03T10:26:20 IST" duration-ms="35768" status="FAIL">
          <exception class="java.lang.AssertionError">
            <message>
              <![CDATA[null]]>
            </message>
            <full-stacktrace>
              <![CDATA[java.lang.AssertionError: null
at org.testng.Assert.fail(Assert.java:99)
at org.testng.Assert.fail(Assert.java:106)
at ContactTests.ToCreateContactTest.toCreateContact_01(ToCreateContactTest.java:31)
at java.base/jdk.internal.reflect.NativeMethodAccessorImpl.invoke0(Native Method)
at java.base/jdk.internal.reflect.NativeMethodAccessorImpl.invoke(NativeMethodAccessorImpl.java:77)
at java.base/jdk.internal.reflect.DelegatingMethodAccessorImpl.invoke(DelegatingMethodAccessorImpl.java:43)
at java.base/java.lang.reflect.Method.invoke(Method.java:568)
at org.testng.internal.MethodInvocationHelper.invokeMethod(MethodInvocationHelper.java:133)
at org.testng.internal.TestInvoker.invokeMethod(TestInvoker.java:598)
at org.testng.internal.TestInvoker.invokeTestMethod(TestInvoker.java:173)
at org.testng.internal.MethodRunner.runInSequence(MethodRunner.java:46)
at org.testng.internal.TestInvoker$MethodInvocationAgent.invoke(TestInvoker.java:824)
at org.testng.internal.TestInvoker.invokeTestMethods(TestInvoker.java:146)
at org.testng.internal.TestMethodWorker.invokeTestMethods(TestMethodWorker.java:146)
at org.testng.internal.TestMethodWorker.run(TestMethodWorker.java:128)
at java.base/java.util.ArrayList.forEach(ArrayList.java:1511)
at org.testng.TestRunner.privateRun(TestRunner.java:794)
at org.testng.TestRunner.run(TestRunner.java:596)
at org.testng.SuiteRunner.runTest(SuiteRunner.java:377)
at org.testng.SuiteRunner.runSequentially(SuiteRunner.java:371)
at org.testng.SuiteRunner.privateRun(SuiteRunner.java:332)
at org.testng.SuiteRunner.run(SuiteRunner.java:276)
at org.testng.SuiteRunnerWorker.runSuite(SuiteRunnerWorker.java:53)
at org.testng.SuiteRunnerWorker.run(SuiteRunnerWorker.java:96)
at org.testng.TestNG.runSuitesSequentially(TestNG.java:1212)
at org.testng.TestNG.runSuitesLocally(TestNG.java:1134)
at org.testng.TestNG.runSuites(TestNG.java:1063)
at org.testng.TestNG.run(TestNG.java:1031)
at org.testng.remote.AbstractRemoteTestNG.run(AbstractRemoteTestNG.java:115)
at org.testng.remote.RemoteTestNG.initAndRun(RemoteTestNG.java:251)
at org.testng.remote.RemoteTestNG.main(RemoteTestNG.java:77)
]]>
            </full-stacktrace>
          </exception> <!-- java.lang.AssertionError -->
          <reporter-output>
          </reporter-output>
        </test-method> <!-- toCreateContact_01 -->
        <test-method is-config="true" signature="afterMethodConfiguration()[pri:0, instance:ContactTests.ToCreateContactTest@27462a88]" started-at="2025-04-03T10:26:20 IST" name="afterMethodConfiguration" finished-at="2025-04-03T10:26:22 IST" duration-ms="1686" status="PASS">
          <reporter-output>
            <line>
              <![CDATA[Logged out successfully]]>
            </line>
          </reporter-output>
        </test-method> <!-- afterMethodConfiguration -->
        <test-method is-config="true" signature="afterClassConfiguration()[pri:0, instance:ContactTests.ToCreateContactTest@27462a88]" started-at="2025-04-03T10:26:22 IST" name="afterClassConfiguration" finished-at="2025-04-03T10:26:23 IST" duration-ms="438" status="PASS">
          <reporter-output>
            <line>
              <![CDATA[Browser got Closed]]>
            </line>
          </reporter-output>
        </test-method> <!-- afterClassConfiguration -->
        <test-method is-config="true" signature="afterSuiteConfiguration()[pri:0, instance:ContactTests.ToCreateContactTest@27462a88]" started-at="2025-04-03T10:26:24 IST" name="afterSuiteConfiguration" finished-at="2025-04-03T10:26:24 IST" duration-ms="1" status="PASS">
          <reporter-output>
            <line>
              <![CDATA[Database connection Disconnected]]>
            </line>
          </reporter-output>
        </test-method> <!-- afterSuiteConfiguration -->
      </class> <!-- ContactTests.ToCreateContactTest -->
    </test> <!-- Default test -->
  </suite> <!-- Default suite -->
</testng-results>
