<?xml version="1.0" encoding="UTF-8"?>
<testng-results ignored="0" total="1" passed="1" failed="0" skipped="0">
  <reporter-output>
    <line>
      <![CDATA[.....DataBase connection established---]]>
    </line>
    <line>
      <![CDATA[Browser got Launched]]>
    </line>
    <line>
      <![CDATA[Logged in Succesfully]]>
    </line>
    <line>
      <![CDATA[[ CON9 ] Tripathy - Contact Informationadded succesfully]]>
    </line>
    <line>
      <![CDATA[Logged out successfully]]>
    </line>
    <line>
      <![CDATA[Browser got Closed]]>
    </line>
    <line>
      <![CDATA[Database connection Disconnected]]>
    </line>
  </reporter-output>
  <suite started-at="2025-04-05T10:54:32 IST" name="Default suite" finished-at="2025-04-05T10:55:11 IST" duration-ms="39042">
    <groups>
      <group name="smoke">
        <method signature="ToCreateContactWithOrgtTest.toCreateContactWithOrg()[pri:0, instance:ContactTests.ToCreateContactWithOrgtTest@27462a88]" name="toCreateContactWithOrg" class="ContactTests.ToCreateContactWithOrgtTest"/>
      </group> <!-- smoke -->
    </groups>
    <test started-at="2025-04-05T10:54:32 IST" name="Default test" finished-at="2025-04-05T10:55:11 IST" duration-ms="39042">
      <class name="ContactTests.ToCreateContactWithOrgtTest">
        <test-method is-config="true" signature="beforeSuiteConfiguration()[pri:0, instance:ContactTests.ToCreateContactWithOrgtTest@27462a88]" started-at="2025-04-05T10:54:32 IST" name="beforeSuiteConfiguration" finished-at="2025-04-05T10:54:32 IST" duration-ms="23" status="PASS">
          <reporter-output>
            <line>
              <![CDATA[.....DataBase connection established---]]>
            </line>
          </reporter-output>
        </test-method> <!-- beforeSuiteConfiguration -->
        <test-method is-config="true" signature="beforeClassConfiguration()[pri:0, instance:ContactTests.ToCreateContactWithOrgtTest@27462a88]" started-at="2025-04-05T10:54:33 IST" name="beforeClassConfiguration" finished-at="2025-04-05T10:54:41 IST" duration-ms="7623" status="PASS">
          <reporter-output>
            <line>
              <![CDATA[Browser got Launched]]>
            </line>
          </reporter-output>
        </test-method> <!-- beforeClassConfiguration -->
        <test-method is-config="true" signature="beforeMethodConfiguration()[pri:0, instance:ContactTests.ToCreateContactWithOrgtTest@27462a88]" started-at="2025-04-05T10:54:41 IST" name="beforeMethodConfiguration" finished-at="2025-04-05T10:54:41 IST" duration-ms="393" status="PASS">
          <reporter-output>
            <line>
              <![CDATA[Logged in Succesfully]]>
            </line>
          </reporter-output>
        </test-method> <!-- beforeMethodConfiguration -->
        <test-method signature="toCreateContactWithOrg()[pri:0, instance:ContactTests.ToCreateContactWithOrgtTest@27462a88]" started-at="2025-04-05T10:54:41 IST" name="toCreateContactWithOrg" finished-at="2025-04-05T10:55:08 IST" duration-ms="27302" status="PASS">
          <reporter-output>
            <line>
              <![CDATA[[ CON9 ] Tripathy - Contact Informationadded succesfully]]>
            </line>
          </reporter-output>
        </test-method> <!-- toCreateContactWithOrg -->
        <test-method is-config="true" signature="afterMethodConfiguration()[pri:0, instance:ContactTests.ToCreateContactWithOrgtTest@27462a88]" started-at="2025-04-05T10:55:08 IST" name="afterMethodConfiguration" finished-at="2025-04-05T10:55:11 IST" duration-ms="2469" status="PASS">
          <reporter-output>
            <line>
              <![CDATA[Logged out successfully]]>
            </line>
          </reporter-output>
        </test-method> <!-- afterMethodConfiguration -->
        <test-method is-config="true" signature="afterClassConfiguration()[pri:0, instance:ContactTests.ToCreateContactWithOrgtTest@27462a88]" started-at="2025-04-05T10:55:11 IST" name="afterClassConfiguration" finished-at="2025-04-05T10:55:11 IST" duration-ms="373" status="PASS">
          <reporter-output>
            <line>
              <![CDATA[Browser got Closed]]>
            </line>
          </reporter-output>
        </test-method> <!-- afterClassConfiguration -->
        <test-method is-config="true" signature="afterSuiteConfiguration()[pri:0, instance:ContactTests.ToCreateContactWithOrgtTest@27462a88]" started-at="2025-04-05T10:55:12 IST" name="afterSuiteConfiguration" finished-at="2025-04-05T10:55:12 IST" duration-ms="0" status="PASS">
          <reporter-output>
            <line>
              <![CDATA[Database connection Disconnected]]>
            </line>
          </reporter-output>
        </test-method> <!-- afterSuiteConfiguration -->
      </class> <!-- ContactTests.ToCreateContactWithOrgtTest -->
    </test> <!-- Default test -->
  </suite> <!-- Default suite -->
</testng-results>
