<?xml version="1.0" encoding="UTF-8"?>
<!-- Generated by org.testng.reporters.JUnitXMLReporter -->
<testsuite ignored="11" hostname="DESKTOP-RD4TDOP" failures="0" tests="2" name="Test" time="0.216" errors="0" timestamp="2025-03-24T10:28:37 IST">
  <testcase classname="genericUtility.BaseClass" name="@BeforeMethod beforeMethodConfiguration" time="0.067">
    <failure type="java.lang.NullPointerException" message="Cannot invoke &amp;quot;org.openqa.selenium.SearchContext.findElement(org.openqa.selenium.By)&amp;quot; because &amp;quot;this.searchContext&amp;quot; is null">
      <![CDATA[java.lang.NullPointerException: Cannot invoke "org.openqa.selenium.SearchContext.findElement(org.openqa.selenium.By)" because "this.searchContext" is null
at org.openqa.selenium.support.pagefactory.DefaultElementLocator.findElement(DefaultElementLocator.java:68)
at org.openqa.selenium.support.pagefactory.internal.LocatingElementHandler.invoke(LocatingElementHandler.java:38)
at jdk.proxy2/jdk.proxy2.$Proxy17.sendKeys(Unknown Source)
at genericUtility.BaseClass.beforeMethodConfiguration(BaseClass.java:59)
at java.base/java.util.ArrayList.forEach(ArrayList.java:1511)
... Removed 31 stack frames]]>
    </failure>
  </testcase> <!-- @BeforeMethod beforeMethodConfiguration -->
  <testcase classname="genericUtility.BaseClass" name="@AfterMethod afterMethodConfiguration" time="-1.742792316903E9">
    <skipped/>
  </testcase> <!-- @AfterMethod afterMethodConfiguration -->
  <testcase classname="genericUtility.BaseClass" name="@AfterClass afterClassConfiguration" time="-1.74279231691E9">
    <skipped/>
  </testcase> <!-- @AfterClass afterClassConfiguration -->
  <testcase classname="genericUtility.BaseClass" name="@BeforeMethod beforeMethodConfiguration" time="0.002">
    <failure type="java.lang.NullPointerException" message="Cannot invoke &amp;quot;org.openqa.selenium.SearchContext.findElement(org.openqa.selenium.By)&amp;quot; because &amp;quot;this.searchContext&amp;quot; is null">
      <![CDATA[java.lang.NullPointerException: Cannot invoke "org.openqa.selenium.SearchContext.findElement(org.openqa.selenium.By)" because "this.searchContext" is null
at org.openqa.selenium.support.pagefactory.DefaultElementLocator.findElement(DefaultElementLocator.java:68)
at org.openqa.selenium.support.pagefactory.internal.LocatingElementHandler.invoke(LocatingElementHandler.java:38)
at jdk.proxy2/jdk.proxy2.$Proxy17.sendKeys(Unknown Source)
at genericUtility.BaseClass.beforeMethodConfiguration(BaseClass.java:59)
at java.base/java.util.ArrayList.forEach(ArrayList.java:1511)
... Removed 31 stack frames]]>
    </failure>
  </testcase> <!-- @BeforeMethod beforeMethodConfiguration -->
  <testcase classname="genericUtility.BaseClass" name="@AfterMethod afterMethodConfiguration" time="-1.742792316941E9">
    <skipped/>
  </testcase> <!-- @AfterMethod afterMethodConfiguration -->
  <testcase classname="genericUtility.BaseClass" name="@AfterClass afterClassConfiguration" time="-1.742792316947E9">
    <skipped/>
  </testcase> <!-- @AfterClass afterClassConfiguration -->
  <testcase classname="ContactTests.ToCreateContactWithOrgtTest" name="toCreateContactWithOrg" time="0.0">
    <skipped/>
  </testcase> <!-- toCreateContactWithOrg -->
  <testcase classname="ContactTests.ToCreateContactTest" name="toCreateContact_01" time="0.0">
    <skipped/>
  </testcase> <!-- toCreateContact_01 -->
  <testcase classname="OrganizatoinTests.ToCreateOrganizationWithIndustryTest" name="toCreateOrganizationWithIndustry" time="0.0">
    <ignored/>
  </testcase> <!-- toCreateOrganizationWithIndustry -->
  <testcase classname="genericUtility.BaseClass" name="@BeforeSuite beforeSuiteConfiguration" time="0.0">
    <ignored/>
  </testcase> <!-- @BeforeSuite beforeSuiteConfiguration -->
  <testcase classname="genericUtility.BaseClass" name="@BeforeSuite beforeSuiteConfiguration" time="0.0">
    <ignored/>
  </testcase> <!-- @BeforeSuite beforeSuiteConfiguration -->
  <testcase classname="genericUtility.BaseClass" name="@BeforeSuite beforeSuiteConfiguration" time="0.0">
    <ignored/>
  </testcase> <!-- @BeforeSuite beforeSuiteConfiguration -->
  <testcase classname="genericUtility.BaseClass" name="@BeforeSuite beforeSuiteConfiguration" time="0.0">
    <ignored/>
  </testcase> <!-- @BeforeSuite beforeSuiteConfiguration -->
  <testcase classname="OrganizatoinTests.ToCreateOrgTest" name="toCreateOrg_02" time="0.0">
    <ignored/>
  </testcase> <!-- toCreateOrg_02 -->
  <testcase classname="genericUtility.BaseClass" name="@AfterSuite afterSuiteConfiguration" time="0.0">
    <ignored/>
  </testcase> <!-- @AfterSuite afterSuiteConfiguration -->
  <testcase classname="genericUtility.BaseClass" name="@AfterSuite afterSuiteConfiguration" time="0.0">
    <ignored/>
  </testcase> <!-- @AfterSuite afterSuiteConfiguration -->
  <testcase classname="genericUtility.BaseClass" name="@AfterSuite afterSuiteConfiguration" time="0.0">
    <ignored/>
  </testcase> <!-- @AfterSuite afterSuiteConfiguration -->
  <testcase classname="genericUtility.BaseClass" name="@AfterSuite afterSuiteConfiguration" time="0.0">
    <ignored/>
  </testcase> <!-- @AfterSuite afterSuiteConfiguration -->
  <testcase classname="OrganizatoinTests.ToCreateOrgWithTypeTest" name="toCreateOrgWithType" time="0.0">
    <ignored/>
  </testcase> <!-- toCreateOrgWithType -->
</testsuite> <!-- Test -->
